# JRE version: Java(TM) SE Runtime Environment (18.0.2+9) (build 18.0.2+9-61)
# Java VM: Java HotSpot(TM) 64-Bit Server VM (18.0.2+9-61, mixed mode, sharing, tiered, compressed oops, compressed class ptrs, g1 gc, windows-amd64)
GC Precious Log:
 CardTable entry size: 512
 Card Set container configuration: InlinePtr #cards 5 size 8 Array Of Cards #cards 12 size 40 Howl #buckets 4 coarsen threshold 1843 Howl Bitmap #cards 512 size 80 coarsen threshold 460 Card regions per heap region 1 cards per card region 2048
 CPUs: 8 total, 8 available
 Memory: 8101M
 Large Page Support: Disabled
 NUMA Support: Disabled
 Compressed Oops: Enabled (32-bit)
 Heap Region Size: 1M
 Heap Min Capacity: 8M
 Heap Initial Capacity: 128M
 Heap Max Capacity: 2026M
 Pre-touch: Disabled
 Parallel Workers: 8
 Concurrent Workers: 2
 Concurrent Refinement Workers: 8
 Periodic GC: Disabled
Heap:
 garbage-first heap   total 102400K, used 33649K [0x0000000081600000, 0x0000000100000000)
  region size 1024K, 6 young (6144K), 2 survivors (2048K)
 Metaspace       used 59706K, committed 60288K, reserved 1114112K
  class space    used 7917K, committed 8192K, reserved 1048576K
GC Heap History (20 events):
Event: 6.459 GC heap before
{Heap before GC invocations=6 (full 0):
 garbage-first heap   total 51200K, used 17890K [0x0000000081600000, 0x0000000100000000)
  region size 1024K, 5 young (5120K), 4 survivors (4096K)
 Metaspace       used 25956K, committed 26304K, reserved 1114112K
  class space    used 3236K, committed 3392K, reserved 1048576K
}
Event: 6.468 GC heap after
{Heap after GC invocations=7 (full 0):
 garbage-first heap   total 51200K, used 17431K [0x0000000081600000, 0x0000000100000000)
  region size 1024K, 1 young (1024K), 1 survivors (1024K)
 Metaspace       used 25956K, committed 26304K, reserved 1114112K
  class space    used 3236K, committed 3392K, reserved 1048576K
}
Event: 7.276 GC heap before
{Heap before GC invocations=7 (full 0):
 garbage-first heap   total 51200K, used 35863K [0x0000000081600000, 0x0000000100000000)
  region size 1024K, 20 young (20480K), 1 survivors (1024K)
 Metaspace       used 29789K, committed 30208K, reserved 1114112K
  class space    used 3677K, committed 3840K, reserved 1048576K
}
Event: 7.281 GC heap after
{Heap after GC invocations=8 (full 0):
 garbage-first heap   total 51200K, used 18479K [0x0000000081600000, 0x0000000100000000)
  region size 1024K, 2 young (2048K), 2 survivors (2048K)
 Metaspace       used 29789K, committed 30208K, reserved 1114112K
  class space    used 3677K, committed 3840K, reserved 1048576K
}
Event: 8.106 GC heap before
{Heap before GC invocations=8 (full 0):
 garbage-first heap   total 51200K, used 36911K [0x0000000081600000, 0x0000000100000000)
  region size 1024K, 21 young (21504K), 2 survivors (2048K)
 Metaspace       used 34529K, committed 35008K, reserved 1114112K
  class space    used 4250K, committed 4480K, reserved 1048576K
}
Event: 8.112 GC heap after
{Heap after GC invocations=9 (full 0):
 garbage-first heap   total 51200K, used 20116K [0x0000000081600000, 0x0000000100000000)
  region size 1024K, 3 young (3072K), 3 survivors (3072K)
 Metaspace       used 34529K, committed 35008K, reserved 1114112K
  class space    used 4250K, committed 4480K, reserved 1048576K
}
Event: 8.334 GC heap before
{Heap before GC invocations=9 (full 0):
 garbage-first heap   total 51200K, used 24212K [0x0000000081600000, 0x0000000100000000)
  region size 1024K, 8 young (8192K), 3 survivors (3072K)
 Metaspace       used 35678K, committed 36096K, reserved 1114112K
  class space    used 4447K, committed 4672K, reserved 1048576K
}
Event: 8.340 GC heap after
{Heap after GC invocations=10 (full 0):
 garbage-first heap   total 51200K, used 20610K [0x0000000081600000, 0x0000000100000000)
  region size 1024K, 1 young (1024K), 1 survivors (1024K)
 Metaspace       used 35678K, committed 36096K, reserved 1114112K
  class space    used 4447K, committed 4672K, reserved 1048576K
}
Event: 9.220 GC heap before
{Heap before GC invocations=11 (full 0):
 garbage-first heap   total 51200K, used 39042K [0x0000000081600000, 0x0000000100000000)
  region size 1024K, 19 young (19456K), 1 survivors (1024K)
 Metaspace       used 41208K, committed 41664K, reserved 1114112K
  class space    used 5365K, committed 5568K, reserved 1048576K
}
Event: 9.225 GC heap after
{Heap after GC invocations=12 (full 0):
 garbage-first heap   total 51200K, used 21523K [0x0000000081600000, 0x0000000100000000)
  region size 1024K, 2 young (2048K), 2 survivors (2048K)
 Metaspace       used 41208K, committed 41664K, reserved 1114112K
  class space    used 5365K, committed 5568K, reserved 1048576K
}
Event: 10.150 GC heap before
{Heap before GC invocations=12 (full 0):
 garbage-first heap   total 51200K, used 39955K [0x0000000081600000, 0x0000000100000000)
  region size 1024K, 20 young (20480K), 2 survivors (2048K)
 Metaspace       used 46617K, committed 47040K, reserved 1114112K
  class space    used 6203K, committed 6400K, reserved 1048576K
}
Event: 10.156 GC heap after
{Heap after GC invocations=13 (full 0):
 garbage-first heap   total 51200K, used 22485K [0x0000000081600000, 0x0000000100000000)
  region size 1024K, 3 young (3072K), 3 survivors (3072K)
 Metaspace       used 46617K, committed 47040K, reserved 1114112K
  class space    used 6203K, committed 6400K, reserved 1048576K
}
Event: 10.909 GC heap before
{Heap before GC invocations=13 (full 0):
 garbage-first heap   total 51200K, used 39893K [0x0000000081600000, 0x0000000100000000)
  region size 1024K, 21 young (21504K), 3 survivors (3072K)
 Metaspace       used 49765K, committed 50240K, reserved 1114112K
  class space    used 6587K, committed 6848K, reserved 1048576K
}
Event: 10.917 GC heap after
{Heap after GC invocations=14 (full 0):
 garbage-first heap   total 51200K, used 24143K [0x0000000081600000, 0x0000000100000000)
  region size 1024K, 3 young (3072K), 3 survivors (3072K)
 Metaspace       used 49765K, committed 50240K, reserved 1114112K
  class space    used 6587K, committed 6848K, reserved 1048576K
}
Event: 11.663 GC heap before
{Heap before GC invocations=14 (full 0):
 garbage-first heap   total 51200K, used 41551K [0x0000000081600000, 0x0000000100000000)
  region size 1024K, 20 young (20480K), 3 survivors (3072K)
 Metaspace       used 51722K, committed 52288K, reserved 1114112K
  class space    used 6853K, committed 7104K, reserved 1048576K
}
Event: 11.671 GC heap after
{Heap after GC invocations=15 (full 0):
 garbage-first heap   total 51200K, used 25859K [0x0000000081600000, 0x0000000100000000)
  region size 1024K, 2 young (2048K), 2 survivors (2048K)
 Metaspace       used 51722K, committed 52288K, reserved 1114112K
  class space    used 6853K, committed 7104K, reserved 1048576K
}
Event: 12.293 GC heap before
{Heap before GC invocations=15 (full 0):
 garbage-first heap   total 51200K, used 41219K [0x0000000081600000, 0x0000000100000000)
  region size 1024K, 17 young (17408K), 2 survivors (2048K)
 Metaspace       used 53619K, committed 54144K, reserved 1114112K
  class space    used 7122K, committed 7424K, reserved 1048576K
}
Event: 12.299 GC heap after
{Heap after GC invocations=16 (full 0):
 garbage-first heap   total 51200K, used 27584K [0x0000000081600000, 0x0000000100000000)
  region size 1024K, 2 young (2048K), 2 survivors (2048K)
 Metaspace       used 53619K, committed 54144K, reserved 1114112K
  class space    used 7122K, committed 7424K, reserved 1048576K
}
Event: 13.014 GC heap before
{Heap before GC invocations=17 (full 0):
 garbage-first heap   total 51200K, used 40896K [0x0000000081600000, 0x0000000100000000)
  region size 1024K, 15 young (15360K), 2 survivors (2048K)
 Metaspace       used 55880K, committed 56448K, reserved 1114112K
  class space    used 7474K, committed 7744K, reserved 1048576K
}
Event: 13.022 GC heap after
{Heap after GC invocations=18 (full 0):
 garbage-first heap   total 51200K, used 28802K [0x0000000081600000, 0x0000000100000000)
  region size 1024K, 2 young (2048K), 2 survivors (2048K)
 Metaspace       used 55880K, committed 56448K, reserved 1114112K
  class space    used 7474K, committed 7744K, reserved 1048576K
}

